<?xml version="1.0" encoding="UTF-8"?>
<!-- Generated by org.testng.reporters.JUnitReportReporter -->
<testsuite name="Docker_Selenium.dock.AppTest" tests="1" time="15.381" ignored="0" failures="0" timestamp="24 Mar 2017 08:48:36 GMT" skipped="0" hostname="Soumyajits-MacBook-Pro.local" errors="0">
  <testcase name="Test" time="15.381" classname="Docker_Selenium.dock.AppTest"/>
</testsuite> <!-- Docker_Selenium.dock.AppTest -->
